;  LST file generated by mikroListExporter - v.2.0 
; Date/Time: 07/11/2023 19:35:07
;----------------------------------------------

;Address Opcode 	ASM
0x0000	0x2829      	GOTO       41
_____DoICP:
;__Lib_System.c,6 :: 		
;__Lib_System.c,9 :: 		
0x0003	0x1283      	BCF        STATUS, 5
0x0004	0x1303      	BCF        STATUS, 6
0x0005	0x0831      	MOVF       ___DoICPAddr+1, 0
0x0006	0x008A      	MOVWF      PCLATH
;__Lib_System.c,10 :: 		
0x0007	0x0830      	MOVF       ___DoICPAddr, 0
0x0008	0x0082      	MOVWF      PCL
;__Lib_System.c,12 :: 		
L_end_____DoICP:
0x0009	0x0008      	RETURN
; end of _____DoICP
___CC2DW:
;__Lib_System.c,134 :: 		
;__Lib_System.c,137 :: 		
_CC2D_Loop1:
;__Lib_System.c,139 :: 		
0x000A	0x2003      	CALL       _____DoICP
0x000B	0x118A      	BCF        PCLATH, 3
0x000C	0x120A      	BCF        PCLATH, 4
;__Lib_System.c,141 :: 		
0x000D	0x0080      	MOVWF      INDF
;__Lib_System.c,142 :: 		
0x000E	0x0A84      	INCF       FSR, 1
;__Lib_System.c,143 :: 		
0x000F	0x0AB0      	INCF       ___DoICPAddr, 1
;__Lib_System.c,145 :: 		
0x0010	0x1903      	BTFSC      STATUS, 2
;__Lib_System.c,146 :: 		
0x0011	0x0AB1      	INCF       ___DoICPAddr+1, 1
;__Lib_System.c,147 :: 		
0x0012	0x03F0      	DECF       R0, 1
;__Lib_System.c,149 :: 		
0x0013	0x1D03      	BTFSS      STATUS, 2
;__Lib_System.c,150 :: 		
0x0014	0x280A      	GOTO       _CC2D_Loop1
;__Lib_System.c,152 :: 		
L_end___CC2DW:
0x0015	0x0008      	RETURN
; end of ___CC2DW
_offState:
;dot.c,9 :: 		void offState(){
;dot.c,10 :: 		portc=0x00;    // Initialize PortC  as off state
0x0016	0x1283      	BCF        STATUS, 5
0x0017	0x1303      	BCF        STATUS, 6
0x0018	0x0187      	CLRF       PORTC
;dot.c,11 :: 		portd=0x00;    // Initialize PortD  as off state
0x0019	0x0188      	CLRF       PORTD
;dot.c,12 :: 		delay_ms(1000);
0x001A	0x300B      	MOVLW      11
0x001B	0x00FB      	MOVWF      R11
0x001C	0x3026      	MOVLW      38
0x001D	0x00FC      	MOVWF      R12
0x001E	0x305D      	MOVLW      93
0x001F	0x00FD      	MOVWF      R13
L_offState0:
0x0020	0x0BFD      	DECFSZ     R13, 1
0x0021	0x2820      	GOTO       L_offState0
0x0022	0x0BFC      	DECFSZ     R12, 1
0x0023	0x2820      	GOTO       L_offState0
0x0024	0x0BFB      	DECFSZ     R11, 1
0x0025	0x2820      	GOTO       L_offState0
0x0026	0x0000      	NOP
0x0027	0x0000      	NOP
;dot.c,13 :: 		}
L_end_offState:
0x0028	0x0008      	RETURN
; end of _offState
_main:
0x0029	0x3080      	MOVLW      128
0x002A	0x1283      	BCF        STATUS, 5
0x002B	0x1303      	BCF        STATUS, 6
0x002C	0x00A0      	MOVWF      _col_data
0x002D	0x3040      	MOVLW      64
0x002E	0x00A1      	MOVWF      33
0x002F	0x3020      	MOVLW      32
0x0030	0x00A2      	MOVWF      34
0x0031	0x3010      	MOVLW      16
0x0032	0x00A3      	MOVWF      35
0x0033	0x3008      	MOVLW      8
0x0034	0x00A4      	MOVWF      36
0x0035	0x3004      	MOVLW      4
0x0036	0x00A5      	MOVWF      37
0x0037	0x3002      	MOVLW      2
0x0038	0x00A6      	MOVWF      38
0x0039	0x3001      	MOVLW      1
0x003A	0x00A7      	MOVWF      39
0x003B	0x01A8      	CLRF       _row_dataA
0x003C	0x307F      	MOVLW      127
0x003D	0x00A9      	MOVWF      41
0x003E	0x30FF      	MOVLW      255
0x003F	0x00AA      	MOVWF      42
0x0040	0x30CC      	MOVLW      204
0x0041	0x00AB      	MOVWF      43
0x0042	0x30CC      	MOVLW      204
0x0043	0x00AC      	MOVWF      44
0x0044	0x30FF      	MOVLW      255
0x0045	0x00AD      	MOVWF      45
0x0046	0x307F      	MOVLW      127
0x0047	0x00AE      	MOVWF      46
0x0048	0x01AF      	CLRF       47
;dot.c,15 :: 		void main()
;dot.c,18 :: 		TRISC=0x00;  // PortC set as Output
0x0049	0x1683      	BSF        STATUS, 5
0x004A	0x0187      	CLRF       TRISC
;dot.c,19 :: 		TRISD=0x00;  // PortD set as Output
0x004B	0x0188      	CLRF       TRISD
;dot.c,20 :: 		TRISB.F0=0xff;
0x004C	0x1406      	BSF        TRISB, 0
;dot.c,21 :: 		while(1)
L_main1:
;dot.c,23 :: 		if(portb.f0==0x00)
0x004D	0x1283      	BCF        STATUS, 5
0x004E	0x1806      	BTFSC      PORTB, 0
0x004F	0x2889      	GOTO       L_main3
;dot.c,25 :: 		offState(); //Function Call
0x0050	0x2016      	CALL       _offState
;dot.c,28 :: 		for(i=1;i<=100;i++){
0x0051	0x3001      	MOVLW      1
0x0052	0x00B4      	MOVWF      _i
0x0053	0x3000      	MOVLW      0
0x0054	0x00B5      	MOVWF      _i+1
L_main4:
0x0055	0x3080      	MOVLW      128
0x0056	0x00F0      	MOVWF      R0
0x0057	0x3080      	MOVLW      128
0x0058	0x0635      	XORWF      _i+1, 0
0x0059	0x0270      	SUBWF      R0, 0
0x005A	0x1D03      	BTFSS      STATUS, 2
0x005B	0x285E      	GOTO       L__main13
0x005C	0x0834      	MOVF       _i, 0
0x005D	0x3C64      	SUBLW      100
L__main13:
0x005E	0x1C03      	BTFSS      STATUS, 0
0x005F	0x2889      	GOTO       L_main5
;dot.c,29 :: 		for(j=0;j<8;j++){
0x0060	0x01B2      	CLRF       _j
0x0061	0x01B3      	CLRF       _j+1
L_main7:
0x0062	0x3080      	MOVLW      128
0x0063	0x0633      	XORWF      _j+1, 0
0x0064	0x00F0      	MOVWF      R0
0x0065	0x3080      	MOVLW      128
0x0066	0x0270      	SUBWF      R0, 0
0x0067	0x1D03      	BTFSS      STATUS, 2
0x0068	0x286B      	GOTO       L__main14
0x0069	0x3008      	MOVLW      8
0x006A	0x0232      	SUBWF      _j, 0
L__main14:
0x006B	0x1803      	BTFSC      STATUS, 0
0x006C	0x2885      	GOTO       L_main8
;dot.c,30 :: 		PORTD=col_data[j];   // Column Data
0x006D	0x0832      	MOVF       _j, 0
0x006E	0x3E20      	ADDLW      _col_data
0x006F	0x0084      	MOVWF      FSR
0x0070	0x0800      	MOVF       INDF, 0
0x0071	0x0088      	MOVWF      PORTD
;dot.c,31 :: 		PORTC=row_dataA[j];  // Row Data
0x0072	0x0832      	MOVF       _j, 0
0x0073	0x3E28      	ADDLW      _row_dataA
0x0074	0x0084      	MOVWF      FSR
0x0075	0x0800      	MOVF       INDF, 0
0x0076	0x0087      	MOVWF      PORTC
;dot.c,32 :: 		delay_ms(1);
0x0077	0x3003      	MOVLW      3
0x0078	0x00FC      	MOVWF      R12
0x0079	0x3097      	MOVLW      151
0x007A	0x00FD      	MOVWF      R13
L_main10:
0x007B	0x0BFD      	DECFSZ     R13, 1
0x007C	0x287B      	GOTO       L_main10
0x007D	0x0BFC      	DECFSZ     R12, 1
0x007E	0x287B      	GOTO       L_main10
0x007F	0x0000      	NOP
0x0080	0x0000      	NOP
;dot.c,29 :: 		for(j=0;j<8;j++){
0x0081	0x0AB2      	INCF       _j, 1
0x0082	0x1903      	BTFSC      STATUS, 2
0x0083	0x0AB3      	INCF       _j+1, 1
;dot.c,33 :: 		}
0x0084	0x2862      	GOTO       L_main7
L_main8:
;dot.c,28 :: 		for(i=1;i<=100;i++){
0x0085	0x0AB4      	INCF       _i, 1
0x0086	0x1903      	BTFSC      STATUS, 2
0x0087	0x0AB5      	INCF       _i+1, 1
;dot.c,34 :: 		}
0x0088	0x2855      	GOTO       L_main4
L_main5:
;dot.c,36 :: 		}
L_main3:
;dot.c,39 :: 		}
0x0089	0x284D      	GOTO       L_main1
;dot.c,40 :: 		}
L_end_main:
0x008A	0x288A      	GOTO       $+0
; end of _main
Symbol List:
//** Routines locations **
//ADDRESS    SIZE    PROCEDURE
//----------------------------------------------
0x0003       [7]    _____DoICP
0x000A      [12]    ___CC2DW
0x0016      [19]    _offState
0x0029      [98]    _main
//** Variables locations ** 
//ADDRESS    SIZE    VARIABLE
//----------------------------------------------
0x0000       [1]    INDF
0x0002       [1]    PCL
0x0003       [1]    STATUS
0x0004       [1]    FSR
0x0006       [1]    PORTB
0x0007       [1]    PORTC
0x0008       [1]    PORTD
0x000A       [1]    PCLATH
0x0020       [8]    _col_data
0x0028       [8]    _row_dataA
0x0030       [2]    ___DoICPAddr
0x0032       [2]    _j
0x0034       [2]    _i
0x0070       [1]    R0
0x0071       [1]    R1
0x0072       [1]    R2
0x0073       [1]    R3
0x0074       [1]    R4
0x0075       [1]    R5
0x0076       [1]    R6
0x0077       [1]    R7
0x0078       [1]    R8
0x0079       [1]    R9
0x007A       [1]    R10
0x007B       [1]    R11
0x007C       [1]    R12
0x007D       [1]    R13
0x007E       [1]    R14
0x007F       [1]    R15
0x0086       [1]    TRISB
0x0087       [1]    TRISC
0x0088       [1]    TRISD
